{"/Users/genarolorio/Desktop/reactnativeenv/ambienge/src/initialScreen/InitialScreen.tsx": {"path":"/Users/genarolorio/Desktop/reactnativeenv/ambienge/src/initialScreen/InitialScreen.tsx","statementMap":{"0":{"start":{"line":4,"column":22},"end":{"line":31,"column":1}},"1":{"start":{"line":5,"column":28},"end":{"line":5,"column":42}},"2":{"start":{"line":7,"column":19},"end":{"line":11,"column":3}},"3":{"start":{"line":8,"column":20},"end":{"line":8,"column":79}},"4":{"start":{"line":9,"column":21},"end":{"line":9,"column":41}},"5":{"start":{"line":10,"column":4},"end":{"line":10,"column":20}},"6":{"start":{"line":13,"column":2},"end":{"line":15,"column":9}},"7":{"start":{"line":14,"column":4},"end":{"line":14,"column":15}},"8":{"start":{"line":17,"column":20},"end":{"line":19,"column":3}},"9":{"start":{"line":18,"column":4},"end":{"line":18,"column":13}},"10":{"start":{"line":21,"column":2},"end":{"line":30,"column":4}}},"fnMap":{"0":{"name":"(anonymous_0)","decl":{"start":{"line":4,"column":22},"end":{"line":4,"column":23}},"loc":{"start":{"line":4,"column":28},"end":{"line":31,"column":1}},"line":4},"1":{"name":"(anonymous_1)","decl":{"start":{"line":7,"column":19},"end":{"line":7,"column":20}},"loc":{"start":{"line":7,"column":31},"end":{"line":11,"column":3}},"line":7},"2":{"name":"(anonymous_2)","decl":{"start":{"line":13,"column":12},"end":{"line":13,"column":13}},"loc":{"start":{"line":13,"column":18},"end":{"line":15,"column":3}},"line":13},"3":{"name":"(anonymous_3)","decl":{"start":{"line":17,"column":20},"end":{"line":17,"column":21}},"loc":{"start":{"line":17,"column":26},"end":{"line":19,"column":3}},"line":17}},"branchMap":{"0":{"loc":{"start":{"line":23,"column":7},"end":{"line":27,"column":7}},"type":"cond-expr","locations":[{"start":{"line":24,"column":8},"end":{"line":24,"column":56}},{"start":{"line":26,"column":8},"end":{"line":26,"column":53}}],"line":23}},"s":{"0":1,"1":3,"2":2,"3":1,"4":1,"5":1,"6":2,"7":1,"8":2,"9":1,"10":2},"f":{"0":3,"1":1,"2":1,"3":1},"b":{"0":[1,1]},"_coverageSchema":"1a1c01bbd47fc00a2c39e90264f33305004495a9","hash":"9119003dd6c2f355793942cc0ce392291d983800"}
}
